<?xml version="1.0" encoding="UTF-8"?>
<testsuite xmlns:xsi="http://www.w3.org/2001/XMLSchema-instance" xsi:noNamespaceSchemaLocation="https://maven.apache.org/surefire/maven-surefire-plugin/xsd/surefire-test-report.xsd" version="3.0" name="com.epistimis.uddl.query.tests.QueryParsingTest" time="2.116" tests="8" errors="0" skipped="0" failures="0">
  <properties>
    <property name="osgi.checkConfiguration" value="true"/>
    <property name="java.specification.version" value="21"/>
    <property name="sun.jnu.encoding" value="UTF-8"/>
    <property name="org.osgi.framework.version" value="1.10.0"/>
    <property name="java.class.path" value="/home/prince/.m2/repository/p2/osgi/bundle/org.eclipse.equinox.launcher/1.6.500.v20230717-2134/org.eclipse.equinox.launcher-1.6.500.v20230717-2134.jar"/>
    <property name="osgi.nl" value="en_US"/>
    <property name="java.vm.vendor" value="Oracle Corporation"/>
    <property name="osgi.bundlefile.limit" value="100"/>
    <property name="osgi.syspath" value="/home/prince/.m2/repository/p2/osgi/bundle/org.eclipse.osgi/3.18.500.v20230801-1826"/>
    <property name="sun.arch.data.model" value="64"/>
    <property name="equinox.init.uuid" value="true"/>
    <property name="ds.delayed.keepInstances.default" value="true"/>
    <property name="java.vendor.url" value="https://java.oracle.com/"/>
    <property name="org.osgi.framework.system.capabilities" value="osgi.ee; osgi.ee=&quot;OSGi/Minimum&quot;; version:List&lt;Version&gt;=&quot;1.0, 1.1, 1.2&quot;, osgi.ee; osgi.ee=&quot;JRE&quot;; version:List&lt;Version&gt;=&quot;1.0, 1.1&quot;, osgi.ee; osgi.ee=&quot;JavaSE&quot;; version:List&lt;Version&gt;=&quot;1.0, 1.1, 1.2, 1.3, 1.4, 1.5, 1.6, 1.7, 1.8, 9.0, 10.0, 11.0, 12.0, 13.0, 14.0, 15.0, 16.0, 17.0, 18.0, 19.0, 20.0, 21.0&quot;,osgi.ee; osgi.ee=&quot;JavaSE/compact1&quot;; version:List&lt;Version&gt;=&quot;1.8, 9.0, 10.0, 11.0, 12.0, 13.0, 14.0, 15.0, 16.0, 17.0, 18.0, 19.0, 20.0, 21.0&quot;,osgi.ee; osgi.ee=&quot;JavaSE/compact2&quot;; version:List&lt;Version&gt;=&quot;1.8, 9.0, 10.0, 11.0, 12.0, 13.0, 14.0, 15.0, 16.0, 17.0, 18.0, 19.0, 20.0, 21.0&quot;,osgi.ee; osgi.ee=&quot;JavaSE/compact3&quot;; version:List&lt;Version&gt;=&quot;1.8, 9.0, 10.0, 11.0, 12.0, 13.0, 14.0, 15.0, 16.0, 17.0, 18.0, 19.0, 20.0, 21.0&quot;"/>
    <property name="user.timezone" value="Africa/Lagos"/>
    <property name="org.osgi.framework.uuid" value="d7a55e07-cd00-490f-bae4-f14755f861d5"/>
    <property name="java.vm.specification.version" value="21"/>
    <property name="os.name" value="Linux"/>
    <property name="org.osgi.framework.processor" value="x86-64"/>
    <property name="sun.java.launcher" value="SUN_STANDARD"/>
    <property name="user.country" value="US"/>
    <property name="sun.boot.library.path" value="/usr/lib/jvm/jdk-21-oracle-x64/lib"/>
    <property name="sun.java.command" value="/home/prince/.m2/repository/p2/osgi/bundle/org.eclipse.equinox.launcher/1.6.500.v20230717-2134/org.eclipse.equinox.launcher-1.6.500.v20230717-2134.jar -data /home/prince/eclipse-workspace/UDDL-Query-Language/com.epistimis.uddl.query.tests/target/work/data -install /home/prince/eclipse-workspace/UDDL-Query-Language/com.epistimis.uddl.query.tests/target/work -configuration /home/prince/eclipse-workspace/UDDL-Query-Language/com.epistimis.uddl.query.tests/target/work/configuration -application org.eclipse.tycho.surefire.osgibooter.headlesstest -testproperties /home/prince/eclipse-workspace/UDDL-Query-Language/com.epistimis.uddl.query.tests/target/surefire.properties"/>
    <property name="jdk.debug" value="release"/>
    <property name="sun.cpu.endian" value="little"/>
    <property name="org.osgi.supports.framework.requirebundle" value="true"/>
    <property name="osgi.logfile" value="/home/prince/eclipse-workspace/UDDL-Query-Language/com.epistimis.uddl.query.tests/target/work/configuration/1699336100035.log"/>
    <property name="osgi.arch" value="x86_64"/>
    <property name="user.home" value="/home/prince"/>
    <property name="osgi.install.area" value="file:/home/prince/eclipse-workspace/UDDL-Query-Language/com.epistimis.uddl.query.tests/target/work/"/>
    <property name="user.language" value="en"/>
    <property name="java.specification.vendor" value="Oracle Corporation"/>
    <property name="org.osgi.framework.language" value="en"/>
    <property name="org.osgi.framework.system.packages" value="com.sun.java.accessibility.util, com.sun.jdi, com.sun.jdi.connect, com.sun.jdi.connect.spi, com.sun.jdi.event, com.sun.jdi.request, com.sun.management, com.sun.net.httpserver, com.sun.net.httpserver.spi, com.sun.nio.file, com.sun.nio.sctp, com.sun.security.auth, com.sun.security.auth.callback, com.sun.security.auth.login, com.sun.security.auth.module, com.sun.security.jgss, com.sun.source.doctree, com.sun.source.tree, com.sun.source.util, com.sun.tools.attach, com.sun.tools.attach.spi, com.sun.tools.javac, com.sun.tools.jconsole, java.applet, java.awt, java.awt.color, java.awt.datatransfer, java.awt.desktop, java.awt.dnd, java.awt.event, java.awt.font, java.awt.geom, java.awt.im, java.awt.im.spi, java.awt.image, java.awt.image.renderable, java.awt.print, java.beans, java.beans.beancontext, java.io, java.lang, java.lang.annotation, java.lang.constant, java.lang.foreign, java.lang.instrument, java.lang.invoke, java.lang.management, java.lang.module, java.lang.ref, java.lang.reflect, java.lang.runtime, java.math, java.net, java.net.http, java.net.spi, java.nio, java.nio.channels, java.nio.channels.spi, java.nio.charset, java.nio.charset.spi, java.nio.file, java.nio.file.attribute, java.nio.file.spi, java.rmi, java.rmi.dgc, java.rmi.registry, java.rmi.server, java.security, java.security.cert, java.security.interfaces, java.security.spec, java.sql, java.text, java.text.spi, java.time, java.time.chrono, java.time.format, java.time.temporal, java.time.zone, java.util, java.util.concurrent, java.util.concurrent.atomic, java.util.concurrent.locks, java.util.function, java.util.jar, java.util.logging, java.util.prefs, java.util.random, java.util.regex, java.util.spi, java.util.stream, java.util.zip, javax.accessibility, javax.annotation.processing, javax.crypto, javax.crypto.interfaces, javax.crypto.spec, javax.imageio, javax.imageio.event, javax.imageio.metadata, javax.imageio.plugins.bmp, javax.imageio.plugins.jpeg, javax.imageio.plugins.tiff, javax.imageio.spi, javax.imageio.stream, javax.lang.model, javax.lang.model.element, javax.lang.model.type, javax.lang.model.util, javax.management, javax.management.loading, javax.management.modelmbean, javax.management.monitor, javax.management.openmbean, javax.management.relation, javax.management.remote, javax.management.remote.rmi, javax.management.timer, javax.naming, javax.naming.directory, javax.naming.event, javax.naming.ldap, javax.naming.ldap.spi, javax.naming.spi, javax.net, javax.net.ssl, javax.print, javax.print.attribute, javax.print.attribute.standard, javax.print.event, javax.rmi.ssl, javax.script, javax.security.auth, javax.security.auth.callback, javax.security.auth.kerberos, javax.security.auth.login, javax.security.auth.spi, javax.security.auth.x500, javax.security.cert, javax.security.sasl, javax.smartcardio, javax.sound.midi, javax.sound.midi.spi, javax.sound.sampled, javax.sound.sampled.spi, javax.sql, javax.sql.rowset, javax.sql.rowset.serial, javax.sql.rowset.spi, javax.swing, javax.swing.border, javax.swing.colorchooser, javax.swing.event, javax.swing.filechooser, javax.swing.plaf, javax.swing.plaf.basic, javax.swing.plaf.metal, javax.swing.plaf.multi, javax.swing.plaf.nimbus, javax.swing.plaf.synth, javax.swing.table, javax.swing.text, javax.swing.text.html, javax.swing.text.html.parser, javax.swing.text.rtf, javax.swing.tree, javax.swing.undo, javax.tools, javax.transaction.xa, javax.xml, javax.xml.catalog, javax.xml.crypto, javax.xml.crypto.dom, javax.xml.crypto.dsig, javax.xml.crypto.dsig.dom, javax.xml.crypto.dsig.keyinfo, javax.xml.crypto.dsig.spec, javax.xml.datatype, javax.xml.namespace, javax.xml.parsers, javax.xml.stream, javax.xml.stream.events, javax.xml.stream.util, javax.xml.transform, javax.xml.transform.dom, javax.xml.transform.sax, javax.xml.transform.stax, javax.xml.transform.stream, javax.xml.validation, javax.xml.xpath, jdk.dynalink, jdk.dynalink.beans, jdk.dynalink.linker, jdk.dynalink.linker.support, jdk.dynalink.support, jdk.incubator.vector, jdk.javadoc.doclet, jdk.jfr, jdk.jfr.consumer, jdk.jshell, jdk.jshell.execution, jdk.jshell.spi, jdk.jshell.tool, jdk.management.jfr, jdk.net, jdk.nio, jdk.nio.mapmode, jdk.security.jarsigner, jdk.swing.interop, netscape.javascript, org.ietf.jgss, org.w3c.dom, org.w3c.dom.bootstrap, org.w3c.dom.css, org.w3c.dom.events, org.w3c.dom.html, org.w3c.dom.ls, org.w3c.dom.ranges, org.w3c.dom.stylesheets, org.w3c.dom.traversal, org.w3c.dom.views, org.w3c.dom.xpath, org.xml.sax, org.xml.sax.ext, org.xml.sax.helpers, sun.misc, sun.reflect"/>
    <property name="gosh.args" value="--nointeractive"/>
    <property name="eclipse.application" value="org.eclipse.tycho.surefire.osgibooter.headlesstest"/>
    <property name="java.version.date" value="2023-10-17"/>
    <property name="java.home" value="/usr/lib/jvm/jdk-21-oracle-x64"/>
    <property name="file.separator" value="/"/>
    <property name="osgi.noShutdown" value="false"/>
    <property name="java.vm.compressedOopsMode" value="32-bit"/>
    <property name="line.separator" value="&#10;"/>
    <property name="org.osgi.framework.executionenvironment" value="OSGi/Minimum-1.0, OSGi/Minimum-1.1, OSGi/Minimum-1.2, JavaSE/compact1-1.8, JavaSE/compact2-1.8, JavaSE/compact3-1.8, JRE-1.1, J2SE-1.2, J2SE-1.3, J2SE-1.4, J2SE-1.5, JavaSE-1.6, JavaSE-1.7, JavaSE-1.8, JavaSE-9, JavaSE-10, JavaSE-11, JavaSE-12, JavaSE-13, JavaSE-14, JavaSE-15, JavaSE-16, JavaSE-17, JavaSE-18, JavaSE-19, JavaSE-20, JavaSE-21"/>
    <property name="java.vm.specification.vendor" value="Oracle Corporation"/>
    <property name="java.specification.name" value="Java Platform API Specification"/>
    <property name="osgi.compatibility.bootdelegation.default" value="true"/>
    <property name="ds.delayed.keepInstances" value="true"/>
    <property name="sun.management.compiler" value="HotSpot 64-Bit Tiered Compilers"/>
    <property name="java.runtime.version" value="21.0.1+12-LTS-29"/>
    <property name="user.name" value="prince"/>
    <property name="eclipse.commands" value="-data&#10;/home/prince/eclipse-workspace/UDDL-Query-Language/com.epistimis.uddl.query.tests/target/work/data&#10;-install&#10;/home/prince/eclipse-workspace/UDDL-Query-Language/com.epistimis.uddl.query.tests/target/work&#10;-configuration&#10;/home/prince/eclipse-workspace/UDDL-Query-Language/com.epistimis.uddl.query.tests/target/work/configuration&#10;-application&#10;org.eclipse.tycho.surefire.osgibooter.headlesstest&#10;-testproperties&#10;/home/prince/eclipse-workspace/UDDL-Query-Language/com.epistimis.uddl.query.tests/target/surefire.properties&#10;"/>
    <property name="stdout.encoding" value="UTF-8"/>
    <property name="path.separator" value=":"/>
    <property name="osgi.framework.useSystemProperties" value="true"/>
    <property name="osgi.compatibility.bootdelegation" value="true"/>
    <property name="os.version" value="5.19.0-50-generic"/>
    <property name="org.osgi.framework.vendor" value="Eclipse"/>
    <property name="java.runtime.name" value="Java(TM) SE Runtime Environment"/>
    <property name="org.osgi.supports.framework.fragment" value="true"/>
    <property name="file.encoding" value="UTF-8"/>
    <property name="osgi.bundles" value="reference:file:/home/prince/.m2/repository/p2/osgi/bundle/org.eclipse.help/3.10.100.v20230726-0617/org.eclipse.help-3.10.100.v20230726-0617.jar,reference:file:/home/prince/.m2/repository/p2/osgi/bundle/org.eclipse.core.expressions/3.9.100.v20230726-0617/org.eclipse.core.expressions-3.9.100.v20230726-0617.jar,reference:file:/home/prince/.m2/repository/p2/osgi/bundle/org.eclipse.e4.ui.bindings/0.14.100.v20230630-1554/org.eclipse.e4.ui.bindings-0.14.100.v20230630-1554.jar,reference:file:/home/prince/.m2/repository/org/eclipse/tycho/org.eclipse.tycho.surefire.junit59withvintage/3.0.5/org.eclipse.tycho.surefire.junit59withvintage-3.0.5.jar,reference:file:/home/prince/.m2/repository/p2/osgi/bundle/org.eclipse.equinox.simpleconfigurator/1.4.300.v20230630-1506/org.eclipse.equinox.simpleconfigurator-1.4.300.v20230630-1506.jar@1:start,reference:file:/home/prince/.m2/repository/org/eclipse/tycho/org.eclipse.tycho.surefire.osgibooter/3.0.5/org.eclipse.tycho.surefire.osgibooter-3.0.5.jar,reference:file:/home/prince/eclipse-workspace/UDDL-Query-Language/com.epistimis.uddl.query.tests/target/work/plugins/org.eclipse.equinox.launcher.gtk.linux.x86_64_1.2.700.v20221108-1024,reference:file:/home/prince/.m2/repository/p2/osgi/bundle/org.eclipse.core.databinding.beans/1.10.100.v20230708-0916/org.eclipse.core.databinding.beans-1.10.100.v20230708-0916.jar,reference:file:/home/prince/.m2/repository/p2/osgi/bundle/org.eclipse.xtext.xbase.lib/2.32.0.v20230827-1315/org.eclipse.xtext.xbase.lib-2.32.0.v20230827-1315.jar,reference:file:/home/prince/.m2/repository/p2/osgi/bundle/junit-platform-launcher/1.10.0/junit-platform-launcher-1.10.0.jar,reference:file:/home/prince/.m2/repository/p2/osgi/bundle/org.osgi.service.device/1.1.1.202109301733/org.osgi.service.device-1.1.1.202109301733.jar,reference:file:/home/prince/.m2/repository/p2/osgi/bundle/org.eclipse.equinox.event/1.6.200.v20230120-0604/org.eclipse.equinox.event-1.6.200.v20230120-0604.jar,reference:file:/home/prince/.m2/repository/p2/osgi/bundle/com.google.inject/7.0.0/com.google.inject-7.0.0.jar,reference:file:/home/prince/.m2/repository/p2/osgi/bundle/junit-platform-suite-api/1.10.0/junit-platform-suite-api-1.10.0.jar,reference:file:/home/prince/.m2/repository/p2/osgi/bundle/org.eclipse.e4.ui.workbench3/0.17.100.v20230727-0604/org.eclipse.e4.ui.workbench3-0.17.100.v20230727-0604.jar,reference:file:/home/prince/.m2/repository/p2/osgi/bundle/org.apache.felix.gogo.shell/1.1.4/org.apache.felix.gogo.shell-1.1.4.jar,reference:file:/home/prince/.m2/repository/p2/osgi/bundle/com.ibm.icu/73.2.0/com.ibm.icu-73.2.0.jar,reference:file:/home/prince/.m2/repository/p2/osgi/bundle/org.eclipse.ltk.ui.refactoring/3.13.100.v20230728-0612/org.eclipse.ltk.ui.refactoring-3.13.100.v20230728-0612.jar,reference:file:/home/prince/.m2/repository/p2/osgi/bundle/org.eclipse.emf.ecore.change/2.15.0.v20230211-1150/org.eclipse.emf.ecore.change-2.15.0.v20230211-1150.jar,reference:file:/home/prince/.m2/repository/p2/osgi/bundle/org.eclipse.e4.ui.di/1.5.100.v20230630-1554/org.eclipse.e4.ui.di-1.5.100.v20230630-1554.jar,reference:file:/home/prince/.m2/repository/p2/osgi/bundle/org.eclipse.ui.views/3.12.100.v20230821-1342/org.eclipse.ui.views-3.12.100.v20230821-1342.jar,reference:file:/home/prince/.m2/repository/p2/osgi/bundle/org.eclipse.xtext.testing/2.32.0.v20230827-1315/org.eclipse.xtext.testing-2.32.0.v20230827-1315.jar,reference:file:/home/prince/.m2/repository/p2/osgi/bundle/org.eclipse.e4.ui.widgets/1.4.0.v20230317-0802/org.eclipse.e4.ui.widgets-1.4.0.v20230317-0802.jar,reference:file:/home/prince/.m2/repository/p2/osgi/bundle/org.eclipse.e4.ui.swt.gtk/1.2.0.v20230501-1823/org.eclipse.e4.ui.swt.gtk-1.2.0.v20230501-1823.jar,reference:file:/home/prince/.m2/repository/p2/osgi/bundle/junit-jupiter-params/5.10.0/junit-jupiter-params-5.10.0.jar,reference:file:/home/prince/.m2/repository/p2/osgi/bundle/org.eclipse.xtext.xbase/2.32.0.v20230827-1315/org.eclipse.xtext.xbase-2.32.0.v20230827-1315.jar,reference:file:/home/prince/eclipse-workspace/UDDL-Query-Language/com.epistimis.uddl.query.tests,reference:file:/home/prince/.m2/repository/p2/osgi/bundle/org.eclipse.e4.ui.workbench.renderers.swt/0.16.100.v20230801-1255/org.eclipse.e4.ui.workbench.renderers.swt-0.16.100.v20230801-1255.jar,reference:file:/home/prince/.m2/repository/p2/osgi/bundle/org.eclipse.urischeme/1.3.100.v20230727-0604/org.eclipse.urischeme-1.3.100.v20230727-0604.jar,reference:file:/home/prince/.m2/repository/p2/osgi/bundle/org.eclipse.e4.ui.model.workbench/2.4.100.v20230801-1255/org.eclipse.e4.ui.model.workbench-2.4.100.v20230801-1255.jar,reference:file:/home/prince/.m2/repository/p2/osgi/bundle/org.apache.commons.jxpath/1.3.0.v200911051830/org.apache.commons.jxpath-1.3.0.v200911051830.jar,reference:file:/home/prince/.m2/repository/p2/osgi/bundle/org.eclipse.e4.core.services/2.4.100.v20230708-0809/org.eclipse.e4.core.services-2.4.100.v20230708-0809.jar,reference:file:/home/prince/.m2/repository/p2/osgi/bundle/org.eclipse.rcp/4.29.0.v20230903-1000/org.eclipse.rcp-4.29.0.v20230903-1000.jar,reference:file:/home/prince/.m2/repository/p2/osgi/bundle/org.eclipse.ui.workbench.texteditor/3.17.100.v20230821-0745/org.eclipse.ui.workbench.texteditor-3.17.100.v20230821-0745.jar,reference:file:/home/prince/.m2/repository/p2/osgi/bundle/org.osgi.service.upnp/1.2.1.202109301733/org.osgi.service.upnp-1.2.1.202109301733.jar,reference:file:/home/prince/eclipse-workspace/UDDL-Query-Language/com.epistimis.uddl.query.tests/target/work/plugins/org.eclipse.equinox.launcher.cocoa.macosx.x86_64_1.2.700.v20221108-1024,reference:file:/home/prince/.m2/repository/p2/osgi/bundle/org.w3c.dom.events/3.0.0.draft20060413_v201105210656/org.w3c.dom.events-3.0.0.draft20060413_v201105210656.jar,reference:file:/home/prince/.m2/repository/p2/osgi/bundle/org.osgi.service.prefs/1.1.2.202109301733/org.osgi.service.prefs-1.1.2.202109301733.jar,reference:file:/home/prince/.m2/repository/p2/osgi/bundle/org.eclipse.compare/3.9.200.v20230726-0617/org.eclipse.compare-3.9.200.v20230726-0617.jar,reference:file:/home/prince/.m2/repository/p2/osgi/bundle/org.eclipse.ui.navigator.resources/3.9.100.v20230821-1342/org.eclipse.ui.navigator.resources-3.9.100.v20230821-1342.jar,reference:file:/home/prince/.m2/repository/p2/osgi/bundle/org.tukaani.xz/1.9.0/org.tukaani.xz-1.9.0.jar,reference:file:/home/prince/.m2/repository/p2/osgi/bundle/org.apache.felix.scr/2.2.6/org.apache.felix.scr-2.2.6.jar@1:start,reference:file:/home/prince/.m2/repository/p2/osgi/bundle/org.eclipse.ui.workbench/3.130.0.v20230822-0911/org.eclipse.ui.workbench-3.130.0.v20230822-0911.jar,reference:file:/home/prince/.m2/repository/p2/osgi/bundle/org.osgi.util.promise/1.3.0.202212101352/org.osgi.util.promise-1.3.0.202212101352.jar,reference:file:/home/prince/.m2/repository/p2/osgi/bundle/org.eclipse.core.resources/3.19.100.v20230814-1312/org.eclipse.core.resources-3.19.100.v20230814-1312.jar,reference:file:/home/prince/.m2/repository/p2/osgi/bundle/org.eclipse.equinox.bidi/1.4.300.v20230630-1303/org.eclipse.equinox.bidi-1.4.300.v20230630-1303.jar,reference:file:/home/prince/.m2/repository/p2/osgi/bundle/org.eclipse.e4.core.di.annotations/1.8.100.v20230617-1158/org.eclipse.e4.core.di.annotations-1.8.100.v20230617-1158.jar,reference:file:/home/prince/.m2/repository/p2/osgi/bundle/org.osgi.service.component/1.5.1.202212101352/org.osgi.service.component-1.5.1.202212101352.jar,reference:file:/home/prince/.m2/repository/p2/osgi/bundle/org.eclipse.xtext.common.types/2.32.0.v20230827-1315/org.eclipse.xtext.common.types-2.32.0.v20230827-1315.jar,reference:file:/home/prince/.m2/repository/p2/osgi/bundle/org.osgi.util.position/1.0.1.201505202026/org.osgi.util.position-1.0.1.201505202026.jar,reference:file:/home/prince/.m2/repository/p2/osgi/bundle/org.eclipse.equinox.app/1.6.300.v20230630-1303/org.eclipse.equinox.app-1.6.300.v20230630-1303.jar,reference:file:/home/prince/.m2/repository/p2/osgi/bundle/org.eclipse.equinox.p2.repository/2.7.100.v20230710-0621/org.eclipse.equinox.p2.repository-2.7.100.v20230710-0621.jar,reference:file:/home/prince/.m2/repository/p2/osgi/bundle/org.eclipse.core.filebuffers/3.8.100.v20230727-0604/org.eclipse.core.filebuffers-3.8.100.v20230727-0604.jar,reference:file:/home/prince/.m2/repository/p2/osgi/bundle/org.apache.commons.io/2.8.0.v20210415-0900/org.apache.commons.io-2.8.0.v20210415-0900.jar,reference:file:/home/prince/.m2/repository/p2/osgi/bundle/org.eclipse.emf.common/2.29.0.v20230810-0713/org.eclipse.emf.common-2.29.0.v20230810-0713.jar,reference:file:/home/prince/.m2/repository/p2/osgi/bundle/org.eclipse.xtext/2.32.0.v20230827-1315/org.eclipse.xtext-2.32.0.v20230827-1315.jar,reference:file:/home/prince/.m2/repository/p2/osgi/bundle/org.eclipse.equinox.p2.metadata/2.7.100.v20230630-1506/org.eclipse.equinox.p2.metadata-2.7.100.v20230630-1506.jar,reference:file:/home/prince/.m2/repository/p2/osgi/bundle/org.apache.commons.logging/1.2.0.v20180409-1502/org.apache.commons.logging-1.2.0.v20180409-1502.jar,reference:file:/home/prince/.m2/repository/p2/osgi/bundle/org.eclipse.e4.core.contexts/1.12.100.v20230725-1354/org.eclipse.e4.core.contexts-1.12.100.v20230725-1354.jar,reference:file:/home/prince/.m2/repository/p2/osgi/bundle/org.osgi.service.provisioning/1.2.0.201505202024/org.osgi.service.provisioning-1.2.0.201505202024.jar,reference:file:/home/prince/.m2/repository/p2/osgi/bundle/org.eclipse.core.filesystem/1.10.100.v20230717-1727/org.eclipse.core.filesystem-1.10.100.v20230717-1727.jar,reference:file:/home/prince/.m2/repository/p2/osgi/bundle/org.eclipse.osgi.services/3.11.100.v20221006-1531/org.eclipse.osgi.services-3.11.100.v20221006-1531.jar,reference:file:/home/prince/.m2/repository/p2/osgi/bundle/org.eclipse.swt/3.124.100.v20230825-1346/org.eclipse.swt-3.124.100.v20230825-1346.jar,reference:file:/home/prince/.m2/repository/p2/osgi/bundle/org.eclipse.update.configurator/3.5.100.v20230726-0617/org.eclipse.update.configurator-3.5.100.v20230726-0617.jar,reference:file:/home/prince/.m2/repository/p2/osgi/bundle/org.eclipse.e4.core.commands/1.1.100.v20230630-1554/org.eclipse.e4.core.commands-1.1.100.v20230630-1554.jar,reference:file:/home/prince/.m2/repository/p2/osgi/bundle/org.eclipse.emf.ecore/2.35.0.v20230829-0934/org.eclipse.emf.ecore-2.35.0.v20230829-0934.jar,reference:file:/home/prince/.m2/repository/p2/osgi/bundle/org.apache.batik.css/1.16.0.v20221027-0840/org.apache.batik.css-1.16.0.v20221027-0840.jar,reference:file:/home/prince/.m2/repository/p2/osgi/bundle/org.osgi.service.cm/1.6.1.202109301733/org.osgi.service.cm-1.6.1.202109301733.jar,reference:file:/home/prince/.m2/repository/p2/osgi/bundle/org.eclipse.jface.databinding/1.15.100.v20230708-0916/org.eclipse.jface.databinding-1.15.100.v20230708-0916.jar,reference:file:/home/prince/.m2/repository/p2/osgi/bundle/org.eclipse.text/3.13.100.v20230801-1334/org.eclipse.text-3.13.100.v20230801-1334.jar,reference:file:/home/prince/.m2/repository/p2/osgi/bundle/org.eclipse.team.core/3.10.100.v20230726-0617/org.eclipse.team.core-3.10.100.v20230726-0617.jar,reference:file:/home/prince/.m2/repository/p2/osgi/bundle/org.eclipse.core.commands/3.11.100.v20230708-0916/org.eclipse.core.commands-3.11.100.v20230708-0916.jar,reference:file:/home/prince/.m2/repository/p2/osgi/bundle/jakarta.inject.jakarta.inject-api/2.0.1/jakarta.inject.jakarta.inject-api-2.0.1.jar,reference:file:/home/prince/.m2/repository/p2/osgi/bundle/org.apache.felix.gogo.runtime/1.1.6/org.apache.felix.gogo.runtime-1.1.6.jar,reference:file:/home/prince/.m2/repository/p2/osgi/bundle/org.eclipse.xtext.util/2.32.0.v20230827-1315/org.eclipse.xtext.util-2.32.0.v20230827-1315.jar,reference:file:/home/prince/.m2/repository/p2/osgi/bundle/org.eclipse.core.databinding/1.13.100.v20230708-0916/org.eclipse.core.databinding-1.13.100.v20230708-0916.jar,reference:file:/home/prince/.m2/repository/p2/osgi/bundle/org.eclipse.swt.win32.win32.x86_64/3.124.100.v20230825-1346/org.eclipse.swt.win32.win32.x86_64-3.124.100.v20230825-1346.jar,reference:file:/home/prince/.m2/repository/p2/osgi/bundle/org.eclipse.ui.cocoa/1.3.100.v20230214-1401/org.eclipse.ui.cocoa-1.3.100.v20230214-1401.jar,reference:file:/home/prince/.m2/repository/p2/osgi/bundle/junit-jupiter-engine/5.10.0/junit-jupiter-engine-5.10.0.jar,reference:file:/home/prince/.m2/repository/p2/osgi/bundle/org.eclipse.ui/3.204.0.v20230821-1342/org.eclipse.ui-3.204.0.v20230821-1342.jar,reference:file:/home/prince/.m2/repository/p2/osgi/bundle/org.eclipse.e4.ui.css.core/0.14.100.v20230727-0604/org.eclipse.e4.ui.css.core-0.14.100.v20230727-0604.jar,reference:file:/home/prince/.m2/repository/p2/osgi/bundle/org.eclipse.core.runtime/3.29.0.v20230726-0617/org.eclipse.core.runtime-3.29.0.v20230726-0617.jar@4:start,reference:file:/home/prince/.m2/repository/p2/osgi/bundle/org.eclipse.compare.core/3.8.100.v20230726-0617/org.eclipse.compare.core-3.8.100.v20230726-0617.jar,reference:file:/home/prince/.m2/repository/p2/osgi/bundle/junit-platform-runner/1.10.0/junit-platform-runner-1.10.0.jar,reference:file:/home/prince/.m2/repository/p2/osgi/bundle/org.eclipse.e4.ui.ide/3.17.100.v20230727-0604/org.eclipse.e4.ui.ide-3.17.100.v20230727-0604.jar,reference:file:/home/prince/.m2/repository/p2/osgi/bundle/org.osgi.service.wireadmin/1.0.2.202109301733/org.osgi.service.wireadmin-1.0.2.202109301733.jar,reference:file:/home/prince/.m2/repository/p2/osgi/bundle/org.hamcrest/2.2.0/org.hamcrest-2.2.0.jar,reference:file:/home/prince/.m2/repository/p2/osgi/bundle/org.junit/4.13.2.v20230809-1000/org.junit-4.13.2.v20230809-1000.jar,reference:file:/home/prince/.m2/repository/p2/osgi/bundle/junit-jupiter-api/5.10.0/junit-jupiter-api-5.10.0.jar,reference:file:/home/prince/.m2/repository/p2/osgi/bundle/org.apache.log4j/1.2.24.v20221221-2012/org.apache.log4j-1.2.24.v20221221-2012.jar,reference:file:/home/prince/.m2/repository/p2/osgi/bundle/org.eclipse.jdt.core.compiler.batch/3.35.0.v20230814-2020/org.eclipse.jdt.core.compiler.batch-3.35.0.v20230814-2020.jar,reference:file:/home/prince/.m2/repository/p2/osgi/bundle/org.eclipse.equinox.p2.core/2.10.100.v20230814-2013/org.eclipse.equinox.p2.core-2.10.100.v20230814-2013.jar,reference:file:/home/prince/.m2/repository/p2/osgi/bundle/org.aopalliance/1.0.0.v20230720-0728/org.aopalliance-1.0.0.v20230720-0728.jar,reference:file:/home/prince/.m2/repository/p2/osgi/bundle/org.eclipse.team.ui/3.10.100.v20230726-0617/org.eclipse.team.ui-3.10.100.v20230726-0617.jar,reference:file:/home/prince/.m2/repository/p2/osgi/bundle/org.eclipse.e4.ui.swt.win32/1.2.0.v20230501-1823/org.eclipse.e4.ui.swt.win32-1.2.0.v20230501-1823.jar,reference:file:/home/prince/.m2/repository/p2/osgi/bundle/org.opentest4j/1.3.0/org.opentest4j-1.3.0.jar,reference:file:/home/prince/.m2/repository/p2/osgi/bundle/org.eclipse.e4.core.di.extensions.supplier/0.17.100.v20230630-1232/org.eclipse.e4.core.di.extensions.supplier-0.17.100.v20230630-1232.jar,reference:file:/home/prince/.m2/repository/p2/osgi/bundle/org.eclipse.equinox.registry/3.11.300.v20230801-1826/org.eclipse.equinox.registry-3.11.300.v20230801-1826.jar,reference:file:/home/prince/.m2/repository/p2/osgi/bundle/org.eclipse.jface.text/3.24.100.v20230727-0604/org.eclipse.jface.text-3.24.100.v20230727-0604.jar,reference:file:/home/prince/.m2/repository/p2/osgi/bundle/com.google.guava.failureaccess/1.0.1/com.google.guava.failureaccess-1.0.1.jar,reference:file:/home/prince/.m2/repository/p2/osgi/bundle/org.eclipse.e4.ui.css.swt/0.15.100.v20230727-0604/org.eclipse.e4.ui.css.swt-0.15.100.v20230727-0604.jar,reference:file:/home/prince/.m2/repository/p2/osgi/bundle/org.eclipse.core.jobs/3.15.0.v20230808-1403/org.eclipse.core.jobs-3.15.0.v20230808-1403.jar,reference:file:/home/prince/.m2/repository/p2/osgi/bundle/org.eclipse.e4.ui.css.swt.theme/0.14.100.v20230727-0604/org.eclipse.e4.ui.css.swt.theme-0.14.100.v20230727-0604.jar,reference:file:/home/prince/.m2/repository/p2/osgi/bundle/javax.annotation/1.3.5.v20230504-0748/javax.annotation-1.3.5.v20230504-0748.jar,reference:file:/home/prince/.m2/repository/p2/osgi/bundle/org.eclipse.osgi.compatibility.state/1.2.800.v20221116-1440/org.eclipse.osgi.compatibility.state-1.2.800.v20221116-1440.jar,reference:file:/home/prince/.m2/repository/p2/osgi/bundle/org.osgi.service.event/1.4.1.202109301733/org.osgi.service.event-1.4.1.202109301733.jar,reference:file:/home/prince/.m2/repository/p2/osgi/bundle/com.sun.jna/5.13.0.v20230812-1000/com.sun.jna-5.13.0.v20230812-1000.jar,reference:file:/home/prince/.m2/repository/p2/osgi/bundle/org.eclipse.core.net/1.5.100.v20230630-1232/org.eclipse.core.net-1.5.100.v20230630-1232.jar,reference:file:/home/prince/.m2/repository/p2/osgi/bundle/org.eclipse.xtext.xbase.testing/2.32.0.v20230827-1315/org.eclipse.xtext.xbase.testing-2.32.0.v20230827-1315.jar,reference:file:/home/prince/eclipse-workspace/UDDL-Query-Language/com.epistimis.uddl.query.tests/target/work/plugins/org.eclipse.equinox.launcher.win32.win32.x86_64_1.2.700.v20221108-1024,reference:file:/home/prince/.m2/repository/p2/osgi/bundle/org.eclipse.e4.ui.dialogs/1.4.100.v20230727-0604/org.eclipse.e4.ui.dialogs-1.4.100.v20230727-0604.jar,reference:file:/home/prince/.m2/repository/p2/osgi/bundle/org.eclipse.e4.core.di.extensions/0.18.0.v20230429-1914/org.eclipse.e4.core.di.extensions-0.18.0.v20230429-1914.jar,reference:file:/home/prince/.m2/repository/p2/osgi/bundle/org.w3c.css.sac/1.3.1.v200903091627/org.w3c.css.sac-1.3.1.v200903091627.jar,reference:file:/home/prince/.m2/repository/p2/osgi/bundle/org.eclipse.jdt.core/3.35.0.v20230814-1356/org.eclipse.jdt.core-3.35.0.v20230814-1356.jar,reference:file:/home/prince/.m2/repository/p2/osgi/bundle/org.w3c.dom.smil/1.0.1.v200903091627/org.w3c.dom.smil-1.0.1.v200903091627.jar,reference:file:/home/prince/.m2/repository/p2/osgi/bundle/org.eclipse.ui.editors/3.17.0.v20230821-1342/org.eclipse.ui.editors-3.17.0.v20230821-1342.jar,reference:file:/home/prince/.m2/repository/p2/osgi/bundle/org.eclipse.swt.gtk.linux.x86_64/3.124.100.v20230825-1346/org.eclipse.swt.gtk.linux.x86_64-3.124.100.v20230825-1346.jar,reference:file:/home/prince/.m2/repository/p2/osgi/bundle/org.osgi.service.useradmin/1.1.1.202109301733/org.osgi.service.useradmin-1.1.1.202109301733.jar,reference:file:/home/prince/.m2/repository/p2/osgi/bundle/org.eclipse.jface.notifications/0.6.100.v20230727-0604/org.eclipse.jface.notifications-0.6.100.v20230727-0604.jar,reference:file:/home/prince/.m2/repository/p2/osgi/bundle/org.eclipse.e4.emf.xpath/0.4.100.v20230801-1255/org.eclipse.e4.emf.xpath-0.4.100.v20230801-1255.jar,reference:file:/home/prince/.m2/repository/p2/osgi/bundle/org.eclipse.ui.ide/3.21.100.v20230825-1346/org.eclipse.ui.ide-3.21.100.v20230825-1346.jar,reference:file:/home/prince/.m2/repository/p2/osgi/bundle/org.eclipse.xtext.ide/2.32.0.v20230827-1315/org.eclipse.xtext.ide-2.32.0.v20230827-1315.jar,reference:file:/home/prince/.m2/repository/p2/osgi/bundle/org.eclipse.ui.ide.application/1.5.100.v20230821-1342/org.eclipse.ui.ide.application-1.5.100.v20230821-1342.jar,reference:file:/home/prince/.m2/repository/p2/osgi/bundle/org.objectweb.asm/9.5.0/org.objectweb.asm-9.5.0.jar,reference:file:/home/prince/.m2/repository/p2/osgi/bundle/org.eclipse.equinox.p2.metadata.repository/1.5.100.v20230630-1506/org.eclipse.equinox.p2.metadata.repository-1.5.100.v20230630-1506.jar,reference:file:/home/prince/.m2/repository/p2/osgi/bundle/org.eclipse.e4.ui.workbench.swt/0.17.100.v20230727-0604/org.eclipse.e4.ui.workbench.swt-0.17.100.v20230727-0604.jar,reference:file:/home/prince/.m2/repository/p2/osgi/bundle/org.osgi.util.measurement/1.0.2.201802012109/org.osgi.util.measurement-1.0.2.201802012109.jar,reference:file:/home/prince/.m2/repository/p2/osgi/bundle/org.eclipse.core.databinding.observable/1.13.100.v20230708-0916/org.eclipse.core.databinding.observable-1.13.100.v20230708-0916.jar,reference:file:/home/prince/.m2/repository/p2/osgi/bundle/junit-platform-suite-commons/1.10.0/junit-platform-suite-commons-1.10.0.jar,reference:file:/home/prince/.m2/repository/p2/osgi/bundle/org.eclipse.osgi.util/3.7.200.v20230103-1101/org.eclipse.osgi.util-3.7.200.v20230103-1101.jar,reference:file:/home/prince/.m2/repository/p2/osgi/bundle/org.apache.batik.i18n/1.16.0.v20221027-0840/org.apache.batik.i18n-1.16.0.v20221027-0840.jar,reference:file:/home/prince/.m2/repository/p2/osgi/bundle/org.apache.batik.constants/1.16.0.v20221027-0840/org.apache.batik.constants-1.16.0.v20221027-0840.jar,reference:file:/home/prince/.m2/repository/p2/osgi/bundle/org.eclipse.xtend.lib.macro/2.32.0.v20230827-1315/org.eclipse.xtend.lib.macro-2.32.0.v20230827-1315.jar,reference:file:/home/prince/.m2/repository/p2/osgi/bundle/org.eclipse.equinox.launcher/1.6.500.v20230717-2134/org.eclipse.equinox.launcher-1.6.500.v20230717-2134.jar,reference:file:/home/prince/.m2/repository/p2/osgi/bundle/org.antlr.runtime/3.2.0.v20220404-1927/org.antlr.runtime-3.2.0.v20220404-1927.jar,reference:file:/home/prince/.m2/repository/p2/osgi/bundle/org.eclipse.equinox.p2.jarprocessor/1.3.200.v20230630-1506/org.eclipse.equinox.p2.jarprocessor-1.3.200.v20230630-1506.jar,reference:file:/home/prince/.m2/repository/p2/osgi/bundle/com.sun.jna.platform/5.13.0/com.sun.jna.platform-5.13.0.jar,reference:file:/home/prince/.m2/repository/p2/osgi/bundle/org.eclipse.ui.forms/3.13.0.v20230807-1354/org.eclipse.ui.forms-3.13.0.v20230807-1354.jar,reference:file:/home/prince/.m2/repository/p2/osgi/bundle/io.github.classgraph/4.8.149.v20220915-0556/io.github.classgraph-4.8.149.v20220915-0556.jar,reference:file:/home/prince/eclipse-workspace/UDDL-Query-Language/com.epistimis.uddl.query.tests,reference:file:/home/prince/.m2/repository/p2/osgi/bundle/javax.inject/1.0.0.v20220405-0441/javax.inject-1.0.0.v20220405-0441.jar,reference:file:/home/prince/.m2/repository/p2/osgi/bundle/org.eclipse.ltk.core.refactoring/3.14.100.v20230728-0612/org.eclipse.ltk.core.refactoring-3.14.100.v20230728-0612.jar,reference:file:/home/prince/.m2/repository/p2/osgi/bundle/org.eclipse.equinox.p2.engine/2.8.100.v20230630-1506/org.eclipse.equinox.p2.engine-2.8.100.v20230630-1506.jar,reference:file:/home/prince/.m2/repository/p2/osgi/bundle/org.eclipse.e4.ui.workbench.renderers.swt.cocoa/0.14.100.v20230630-1554/org.eclipse.e4.ui.workbench.renderers.swt.cocoa-0.14.100.v20230630-1554.jar,reference:file:/home/prince/.m2/repository/p2/osgi/bundle/com.google.guava/32.1.2.jre/com.google.guava-32.1.2.jre.jar,reference:file:/home/prince/.m2/repository/p2/osgi/bundle/bcprov/1.76.0/bcprov-1.76.0.jar,reference:file:/home/prince/.m2/repository/p2/osgi/bundle/org.eclipse.core.databinding.property/1.10.100.v20230708-0916/org.eclipse.core.databinding.property-1.10.100.v20230708-0916.jar,reference:file:/home/prince/.m2/repository/p2/osgi/bundle/org.eclipse.e4.ui.workbench/1.15.100.v20230819-0347/org.eclipse.e4.ui.workbench-1.15.100.v20230819-0347.jar,reference:file:/home/prince/.m2/repository/p2/osgi/bundle/org.eclipse.equinox.security/1.4.0.v20230630-1303/org.eclipse.equinox.security-1.4.0.v20230630-1303.jar,reference:file:/home/prince/.m2/repository/p2/osgi/bundle/org.eclipse.emf.ecore.xmi/2.35.0.v20230801-1141/org.eclipse.emf.ecore.xmi-2.35.0.v20230801-1141.jar,reference:file:/home/prince/.m2/repository/p2/osgi/bundle/org.eclipse.equinox.preferences/3.10.300.v20230630-1303/org.eclipse.equinox.preferences-3.10.300.v20230630-1303.jar,reference:file:/home/prince/.m2/repository/p2/osgi/bundle/org.w3c.dom.svg/1.1.0.v201011041433/org.w3c.dom.svg-1.1.0.v201011041433.jar,reference:file:/home/prince/.m2/repository/p2/osgi/bundle/org.apache.batik.util/1.16.0.v20221027-0840/org.apache.batik.util-1.16.0.v20221027-0840.jar,reference:file:/home/prince/.m2/repository/p2/osgi/bundle/org.eclipse.equinox.p2.artifact.repository/1.5.100.v20230630-1506/org.eclipse.equinox.p2.artifact.repository-1.5.100.v20230630-1506.jar,reference:file:/home/prince/.m2/repository/p2/osgi/bundle/org.osgi.util.function/1.2.0.202109301733/org.osgi.util.function-1.2.0.202109301733.jar,reference:file:/home/prince/.m2/repository/p2/osgi/bundle/org.apache.felix.gogo.command/1.1.2/org.apache.felix.gogo.command-1.1.2.jar,reference:file:/home/prince/.m2/repository/p2/osgi/bundle/org.apache.xmlgraphics/2.7.0.v20221018-0736/org.apache.xmlgraphics-2.7.0.v20221018-0736.jar,reference:file:/home/prince/.m2/repository/p2/osgi/bundle/bcpg/1.76.0/bcpg-1.76.0.jar,reference:file:/home/prince/.m2/repository/p2/osgi/bundle/org.eclipse.xtext.logging/1.2.24.v20230827-1316/org.eclipse.xtext.logging-1.2.24.v20230827-1316.jar,reference:file:/home/prince/.m2/repository/p2/osgi/bundle/org.eclipse.e4.ui.progress/0.4.100.v20230727-0604/org.eclipse.e4.ui.progress-0.4.100.v20230727-0604.jar,reference:file:/home/prince/.m2/repository/p2/osgi/bundle/org.eclipse.equinox.common/3.18.100.v20230730-1117/org.eclipse.equinox.common-3.18.100.v20230730-1117.jar@2:start,reference:file:/home/prince/.m2/repository/p2/osgi/bundle/org.osgi.service.metatype/1.4.1.202109301733/org.osgi.service.metatype-1.4.1.202109301733.jar,reference:file:/home/prince/.m2/repository/p2/osgi/bundle/org.eclipse.swt.cocoa.macosx.x86_64/3.124.100.v20230825-1346/org.eclipse.swt.cocoa.macosx.x86_64-3.124.100.v20230825-1346.jar,reference:file:/home/prince/.m2/repository/p2/osgi/bundle/org.eclipse.e4.ui.workbench.addons.swt/1.5.100.v20230727-0604/org.eclipse.e4.ui.workbench.addons.swt-1.5.100.v20230727-0604.jar,reference:file:/home/prince/.m2/repository/p2/osgi/bundle/org.eclipse.xtend.lib/2.32.0.v20230827-1315/org.eclipse.xtend.lib-2.32.0.v20230827-1315.jar,reference:file:/home/prince/.m2/repository/p2/osgi/bundle/org.eclipse.e4.core.di/1.9.100.v20230721-1753/org.eclipse.e4.core.di-1.9.100.v20230721-1753.jar,reference:file:/home/prince/.m2/repository/p2/osgi/bundle/org.eclipse.e4.ui.services/1.6.100.v20230630-1554/org.eclipse.e4.ui.services-1.6.100.v20230630-1554.jar,reference:file:/home/prince/.m2/repository/p2/osgi/bundle/org.eclipse.ui.navigator/3.12.100.v20230821-1342/org.eclipse.ui.navigator-3.12.100.v20230821-1342.jar,reference:file:/home/prince/.m2/repository/p2/osgi/bundle/org.hamcrest.core/2.2.0.v20230809-1000/org.hamcrest.core-2.2.0.v20230809-1000.jar,reference:file:/home/prince/.m2/repository/p2/osgi/bundle/org.osgi.util.xml/1.0.2.202109301733/org.osgi.util.xml-1.0.2.202109301733.jar,reference:file:/home/prince/.m2/repository/p2/osgi/bundle/junit-platform-commons/1.10.0/junit-platform-commons-1.10.0.jar,reference:file:/home/prince/eclipse-workspace/UDDL-Query-Language/com.epistimis.uddl.query/target/com.epistimis.uddl.query-1.0.0-SNAPSHOT.jar,reference:file:/home/prince/.m2/repository/p2/osgi/bundle/org.eclipse.core.contenttype/3.9.100.v20230630-1232/org.eclipse.core.contenttype-3.9.100.v20230630-1232.jar,reference:file:/home/prince/.m2/repository/p2/osgi/bundle/junit-platform-engine/1.10.0/junit-platform-engine-1.10.0.jar,reference:file:/home/prince/.m2/repository/p2/osgi/bundle/org.eclipse.jface/3.31.0.v20230821-1552/org.eclipse.jface-3.31.0.v20230821-1552.jar,reference:file:/home/prince/.m2/repository/p2/osgi/bundle/org.eclipse.equinox.console/1.4.500.v20211021-1418/org.eclipse.equinox.console-1.4.500.v20211021-1418.jar,reference:file:/home/prince/.m2/repository/p2/osgi/bundle/org.eclipse.ui.views.properties.tabbed/3.10.100.v20230727-0604/org.eclipse.ui.views.properties.tabbed-3.10.100.v20230727-0604.jar"/>
    <property name="osgi.framework.shape" value="jar"/>
    <property name="java.vm.name" value="Java HotSpot(TM) 64-Bit Server VM"/>
    <property name="osgi.framework" value="file:/home/prince/.m2/repository/p2/osgi/bundle/org.eclipse.osgi/3.18.500.v20230801-1826/org.eclipse.osgi-3.18.500.v20230801-1826.jar"/>
    <property name="osgi.dev" value="file:/home/prince/eclipse-workspace/UDDL-Query-Language/com.epistimis.uddl.query.tests/target/work/dev.properties"/>
    <property name="osgi.configuration.area" value="file:/home/prince/eclipse-workspace/UDDL-Query-Language/com.epistimis.uddl.query.tests/target/work/configuration/"/>
    <property name="osgi.os" value="linux"/>
    <property name="osgi.clean" value="true"/>
    <property name="java.vendor.url.bug" value="https://bugreport.java.com/bugreport/"/>
    <property name="java.io.tmpdir" value="/tmp"/>
    <property name="org.osgi.framework.os.name" value="Linux"/>
    <property name="eclipse.home.location" value="file:/home/prince/eclipse-workspace/UDDL-Query-Language/com.epistimis.uddl.query.tests/target/work/"/>
    <property name="org.osgi.supports.framework.extension" value="true"/>
    <property name="java.version" value="21.0.1"/>
    <property name="org.osgi.framework.storage" value="/home/prince/eclipse-workspace/UDDL-Query-Language/com.epistimis.uddl.query.tests/target/work/configuration"/>
    <property name="user.dir" value="/home/prince/eclipse-workspace/UDDL-Query-Language/com.epistimis.uddl.query.tests"/>
    <property name="os.arch" value="amd64"/>
    <property name="osgi.ws" value="gtk"/>
    <property name="osgi.instance.area" value="file:/home/prince/eclipse-workspace/UDDL-Query-Language/com.epistimis.uddl.query.tests/target/work/data/"/>
    <property name="osgi.bundles.defaultStartLevel" value="4"/>
    <property name="java.vm.specification.name" value="Java Virtual Machine Specification"/>
    <property name="osgi.configuration.cascaded" value="false"/>
    <property name="eclipse.startTime" value="1699336099632"/>
    <property name="native.encoding" value="UTF-8"/>
    <property name="java.library.path" value="/usr/java/packages/lib:/usr/lib64:/lib64:/lib:/usr/lib"/>
    <property name="org.osgi.framework.os.version" value="5.19.0"/>
    <property name="java.vm.info" value="mixed mode, sharing"/>
    <property name="stderr.encoding" value="UTF-8"/>
    <property name="java.vendor" value="Oracle Corporation"/>
    <property name="java.vm.version" value="21.0.1+12-LTS-29"/>
    <property name="sun.io.unicode.encoding" value="UnicodeLittle"/>
    <property name="eclipse.stateSaveDelayInterval" value="30000"/>
    <property name="java.class.version" value="65.0"/>
  </properties>
  <testcase name="testRIG_EquivalentEntity_Query1" classname="com.epistimis.uddl.query.tests.QueryParsingTest" time="0.272"/>
  <testcase name="testRIG_EquivalentEntity_Query2" classname="com.epistimis.uddl.query.tests.QueryParsingTest" time="0.006"/>
  <testcase name="testBasicSelect" classname="com.epistimis.uddl.query.tests.QueryParsingTest" time="0.006"/>
  <testcase name="testRIG_DogOwnership_CDM_Query1" classname="com.epistimis.uddl.query.tests.QueryParsingTest" time="0.004"/>
  <testcase name="testRIG_DogOwnership_CDM_Query2" classname="com.epistimis.uddl.query.tests.QueryParsingTest" time="0.012"/>
  <testcase name="testRIG_DogOwnership_CDM_Query3" classname="com.epistimis.uddl.query.tests.QueryParsingTest" time="0.008"/>
  <testcase name="testRIG_AircraftAirportArrival_PDM_Query1" classname="com.epistimis.uddl.query.tests.QueryParsingTest" time="0.007"/>
  <testcase name="testRIG_ModeledDomainConcepts_PDM_Query1" classname="com.epistimis.uddl.query.tests.QueryParsingTest" time="0.007"/>
</testsuite>